Determining if the pthread_create exist failed with the following output:
Change Dir: /home/mohamad/Dokumente/catkin_ws/build/CMakeFiles/CMakeTmp

Run Build Command:"/usr/bin/make" "cmTC_12c3b/fast"
/usr/bin/make -f CMakeFiles/cmTC_12c3b.dir/build.make CMakeFiles/cmTC_12c3b.dir/build
make[1]: Verzeichnis „/home/mohamad/Dokumente/catkin_ws/build/CMakeFiles/CMakeTmp“ wird betreten
Building C object CMakeFiles/cmTC_12c3b.dir/CheckSymbolExists.c.o
/usr/bin/cc     -o CMakeFiles/cmTC_12c3b.dir/CheckSymbolExists.c.o   -c /home/mohamad/Dokumente/catkin_ws/build/CMakeFiles/CMakeTmp/CheckSymbolExists.c
Linking C executable cmTC_12c3b
/usr/bin/cmake -E cmake_link_script CMakeFiles/cmTC_12c3b.dir/link.txt --verbose=1
/usr/bin/cc       CMakeFiles/cmTC_12c3b.dir/CheckSymbolExists.c.o  -o cmTC_12c3b -rdynamic 
CMakeFiles/cmTC_12c3b.dir/CheckSymbolExists.c.o: In Funktion `main':
CheckSymbolExists.c:(.text+0x16): Nicht definierter Verweis auf `pthread_create'
collect2: error: ld returned 1 exit status
CMakeFiles/cmTC_12c3b.dir/build.make:97: die Regel für Ziel „cmTC_12c3b“ scheiterte
make[1]: *** [cmTC_12c3b] Fehler 1
make[1]: Verzeichnis „/home/mohamad/Dokumente/catkin_ws/build/CMakeFiles/CMakeTmp“ wird verlassen
Makefile:126: die Regel für Ziel „cmTC_12c3b/fast“ scheiterte
make: *** [cmTC_12c3b/fast] Fehler 2

File /home/mohamad/Dokumente/catkin_ws/build/CMakeFiles/CMakeTmp/CheckSymbolExists.c:
/* */
#include <pthread.h>

int main(int argc, char** argv)
{
  (void)argv;
#ifndef pthread_create
  return ((int*)(&pthread_create))[argc];
#else
  (void)argc;
  return 0;
#endif
}

Determining if the function pthread_create exists in the pthreads failed with the following output:
Change Dir: /home/mohamad/Dokumente/catkin_ws/build/CMakeFiles/CMakeTmp

Run Build Command:"/usr/bin/make" "cmTC_5ae6c/fast"
/usr/bin/make -f CMakeFiles/cmTC_5ae6c.dir/build.make CMakeFiles/cmTC_5ae6c.dir/build
make[1]: Verzeichnis „/home/mohamad/Dokumente/catkin_ws/build/CMakeFiles/CMakeTmp“ wird betreten
Building C object CMakeFiles/cmTC_5ae6c.dir/CheckFunctionExists.c.o
/usr/bin/cc    -DCHECK_FUNCTION_EXISTS=pthread_create   -o CMakeFiles/cmTC_5ae6c.dir/CheckFunctionExists.c.o   -c /usr/share/cmake-3.5/Modules/CheckFunctionExists.c
Linking C executable cmTC_5ae6c
/usr/bin/cmake -E cmake_link_script CMakeFiles/cmTC_5ae6c.dir/link.txt --verbose=1
/usr/bin/cc   -DCHECK_FUNCTION_EXISTS=pthread_create    CMakeFiles/cmTC_5ae6c.dir/CheckFunctionExists.c.o  -o cmTC_5ae6c -rdynamic -lpthreads 
/usr/bin/ld: cannot find -lpthreads
collect2: error: ld returned 1 exit status
CMakeFiles/cmTC_5ae6c.dir/build.make:97: die Regel für Ziel „cmTC_5ae6c“ scheiterte
make[1]: *** [cmTC_5ae6c] Fehler 1
make[1]: Verzeichnis „/home/mohamad/Dokumente/catkin_ws/build/CMakeFiles/CMakeTmp“ wird verlassen
Makefile:126: die Regel für Ziel „cmTC_5ae6c/fast“ scheiterte
make: *** [cmTC_5ae6c/fast] Fehler 2


